~ ORDER > lsmod | grep amdgpu
  
amdgpu              16039936  88
amdxcp                 12288  1 amdgpu
gpu_sched              65536  1 amdgpu
drm_panel_backlight_quirks    12288  1 amdgpu
drm_buddy              28672  1 amdgpu
drm_exec               16384  1 amdgpu
drm_suballoc_helper    16384  1 amdgpu
drm_ttm_helper         20480  2 amdgpu
ttm                   122880  2 amdgpu,drm_ttm_helper
drm_display_helper    311296  1 amdgpu
cec                    81920  2 drm_display_helper,amdgpu
i2c_algo_bit           24576  1 amdgpu
video                  81920  2 asus_wmi,amdgpu
crc16                  12288  2 amdgpu,ext4
~ ORDER > ls /sys/class/drm/
  
card0  card0-DP-2  card0-HDMI-A-2  card0-Writeback-2  
card1  card1-DP-1  card1-HDMI-A-1  card1-Writeback-1  
renderD128  renderD129  version

~ ORDER > sudo dmesg | grep -i amdgpu 

[    4.106058] [drm] amdgpu kernel modesetting enabled.
[    4.106079] amdgpu: vga_switcheroo: detected switching method \_SB_.PCI0.GP17.VGA_.ATPX handle
[    4.106215] amdgpu: ATPX version 1, functions 0x00000000
[    4.109425] amdgpu: Virtual CRAT table created for CPU
[    4.109434] amdgpu: Topology: Add CPU node
[    4.109517] amdgpu 0000:03:00.0: enabling device (0006 -> 0007)
[    4.112618] amdgpu 0000:03:00.0: amdgpu: detected ip block number 0 <nv_common>
[    4.112619] amdgpu 0000:03:00.0: amdgpu: detected ip block number 1 <gmc_v10_0>
[    4.112619] amdgpu 0000:03:00.0: amdgpu: detected ip block number 2 <navi10_ih>
[    4.112620] amdgpu 0000:03:00.0: amdgpu: detected ip block number 3 <psp>
[    4.112621] amdgpu 0000:03:00.0: amdgpu: detected ip block number 4 <smu>
[    4.112622] amdgpu 0000:03:00.0: amdgpu: detected ip block number 5 <dm>
[    4.112622] amdgpu 0000:03:00.0: amdgpu: detected ip block number 6 <gfx_v10_0>
[    4.112623] amdgpu 0000:03:00.0: amdgpu: detected ip block number 7 <sdma_v5_2>
[    4.112624] amdgpu 0000:03:00.0: amdgpu: detected ip block number 8 <vcn_v3_0>
[    4.112633] amdgpu 0000:03:00.0: amdgpu: Fetched VBIOS from VFCT
[    4.112634] amdgpu: ATOM BIOS: 113-24X46SHB1-W01
[    4.156586] amdgpu 0000:03:00.0: vgaarb: deactivate vga console
[    4.156589] amdgpu 0000:03:00.0: amdgpu: Trusted Memory Zone (TMZ) feature disabled as experimental (default)
[    4.156664] amdgpu 0000:03:00.0: amdgpu: VRAM: 4080M 0x0000008000000000 - 0x00000080FEFFFFFF (4080M used)
[    4.156665] amdgpu 0000:03:00.0: amdgpu: GART: 512M 0x0000000000000000 - 0x000000001FFFFFFF
[    4.156758] [drm] amdgpu: 4080M of VRAM memory ready
[    4.156761] [drm] amdgpu: 23660M of GTT memory ready.
[    5.278418] amdgpu 0000:03:00.0: amdgpu: STB initialized to 2048 entries
[    5.278761] amdgpu 0000:03:00.0: amdgpu: Found VCN firmware Version ENC: 1.33 DEC: 4 VEP: 0 Revision: 7
[    5.344491] amdgpu 0000:03:00.0: amdgpu: reserve 0xa00000 from 0x80fd000000 for PSP TMR
[    5.444694] amdgpu 0000:03:00.0: amdgpu: RAS: optional ras ta ucode is not available
[    5.459923] amdgpu 0000:03:00.0: amdgpu: SECUREDISPLAY: securedisplay ta ucode is not available
[    5.459944] amdgpu 0000:03:00.0: amdgpu: smu driver if version = 0x0000000d, smu fw if version = 0x00000010, smu fw program = 0, version = 0x00492400 (73.36.0)
[    5.459947] amdgpu 0000:03:00.0: amdgpu: SMU driver if version not matched
[    5.459980] amdgpu 0000:03:00.0: amdgpu: use vbios provided pptable
[    5.503526] amdgpu 0000:03:00.0: amdgpu: SMU is initialized successfully!
[    5.507002] snd_hda_intel 0000:03:00.1: bound 0000:03:00.0 (ops amdgpu_dm_audio_component_bind_ops [amdgpu])
[    5.702421] amdgpu: HMM registered 4080MB device memory
[    5.703422] kfd kfd: amdgpu: Allocated 3969056 bytes on gart
[    5.703437] kfd kfd: amdgpu: Total number of KFD nodes to be created: 1
[    5.703754] amdgpu: Virtual CRAT table created for GPU
[    5.703922] amdgpu: Topology: Add dGPU node [0x743f:0x1002]
[    5.703924] kfd kfd: amdgpu: added device 1002:743f
[    5.703940] amdgpu 0000:03:00.0: amdgpu: SE 1, SH per SE 2, CU per SH 8, active_cu_number 16
[    5.703943] amdgpu 0000:03:00.0: amdgpu: ring gfx_0.0.0 uses VM inv eng 0 on hub 0
[    5.703944] amdgpu 0000:03:00.0: amdgpu: ring gfx_0.1.0 uses VM inv eng 1 on hub 0
[    5.703945] amdgpu 0000:03:00.0: amdgpu: ring comp_1.0.0 uses VM inv eng 4 on hub 0
[    5.703945] amdgpu 0000:03:00.0: amdgpu: ring comp_1.1.0 uses VM inv eng 5 on hub 0
[    5.703946] amdgpu 0000:03:00.0: amdgpu: ring comp_1.2.0 uses VM inv eng 6 on hub 0
[    5.703946] amdgpu 0000:03:00.0: amdgpu: ring comp_1.3.0 uses VM inv eng 7 on hub 0
[    5.703947] amdgpu 0000:03:00.0: amdgpu: ring comp_1.0.1 uses VM inv eng 8 on hub 0
[    5.703947] amdgpu 0000:03:00.0: amdgpu: ring comp_1.1.1 uses VM inv eng 9 on hub 0
[    5.703947] amdgpu 0000:03:00.0: amdgpu: ring comp_1.2.1 uses VM inv eng 10 on hub 0
[    5.703948] amdgpu 0000:03:00.0: amdgpu: ring comp_1.3.1 uses VM inv eng 11 on hub 0
[    5.703948] amdgpu 0000:03:00.0: amdgpu: ring kiq_0.2.1.0 uses VM inv eng 12 on hub 0
[    5.703949] amdgpu 0000:03:00.0: amdgpu: ring sdma0 uses VM inv eng 13 on hub 0
[    5.703950] amdgpu 0000:03:00.0: amdgpu: ring vcn_dec_0 uses VM inv eng 0 on hub 8
[    5.705785] amdgpu 0000:03:00.0: amdgpu: Using BACO for runtime pm
[    5.705989] amdgpu 0000:03:00.0: [drm] Registered 2 planes with drm panic
[    5.705989] [drm] Initialized amdgpu 3.63.0 for 0000:03:00.0 on minor 1
[    5.708818] fbcon: amdgpudrmfb (fb0) is primary device
[    5.862641] amdgpu 0000:03:00.0: [drm] fb0: amdgpudrmfb frame buffer device
[    5.872915] amdgpu 0000:6f:00.0: enabling device (0006 -> 0007)
[    5.874730] amdgpu 0000:6f:00.0: amdgpu: detected ip block number 0 <nv_common>
[    5.874732] amdgpu 0000:6f:00.0: amdgpu: detected ip block number 1 <gmc_v10_0>
[    5.874733] amdgpu 0000:6f:00.0: amdgpu: detected ip block number 2 <navi10_ih>
[    5.874734] amdgpu 0000:6f:00.0: amdgpu: detected ip block number 3 <psp>
[    5.874735] amdgpu 0000:6f:00.0: amdgpu: detected ip block number 4 <smu>
[    5.874736] amdgpu 0000:6f:00.0: amdgpu: detected ip block number 5 <dm>
[    5.874736] amdgpu 0000:6f:00.0: amdgpu: detected ip block number 6 <gfx_v10_0>
[    5.874737] amdgpu 0000:6f:00.0: amdgpu: detected ip block number 7 <sdma_v5_2>
[    5.874738] amdgpu 0000:6f:00.0: amdgpu: detected ip block number 8 <vcn_v3_0>
[    5.874739] amdgpu 0000:6f:00.0: amdgpu: detected ip block number 9 <jpeg_v3_0>
[    5.874750] amdgpu 0000:6f:00.0: amdgpu: Fetched VBIOS from VFCT
[    5.874752] amdgpu: ATOM BIOS: 102-RAPHAEL-008
[    5.887510] amdgpu 0000:6f:00.0: amdgpu: Trusted Memory Zone (TMZ) feature disabled as experimental (default)
[    5.887553] amdgpu 0000:6f:00.0: amdgpu: VRAM: 512M 0x000000F400000000 - 0x000000F41FFFFFFF (512M used)
[    5.887554] amdgpu 0000:6f:00.0: amdgpu: GART: 1024M 0x0000000000000000 - 0x000000003FFFFFFF
[    5.887657] [drm] amdgpu: 512M of VRAM memory ready
[    5.887658] [drm] amdgpu: 23660M of GTT memory ready.
[    5.888284] amdgpu 0000:6f:00.0: amdgpu: Found VCN firmware Version ENC: 1.33 DEC: 4 VEP: 0 Revision: 6
[    5.910376] amdgpu 0000:6f:00.0: amdgpu: reserve 0xa00000 from 0xf41e000000 for PSP TMR
[    5.972085] amdgpu 0000:6f:00.0: amdgpu: RAS: optional ras ta ucode is not available
[    5.978288] amdgpu 0000:6f:00.0: amdgpu: RAP: optional rap ta ucode is not available
[    5.978288] amdgpu 0000:6f:00.0: amdgpu: SECUREDISPLAY: securedisplay ta ucode is not available
[    5.979875] amdgpu 0000:6f:00.0: amdgpu: SMU is initialized successfully!
[    5.982042] snd_hda_intel 0000:6f:00.1: bound 0000:6f:00.0 (ops amdgpu_dm_audio_component_bind_ops [amdgpu])
[    5.986124] kfd kfd: amdgpu: Allocated 3969056 bytes on gart
[    5.986132] kfd kfd: amdgpu: Total number of KFD nodes to be created: 1
[    5.986294] amdgpu: Virtual CRAT table created for GPU
[    5.986885] amdgpu: Topology: Add dGPU node [0x13c0:0x1002]
[    5.986886] kfd kfd: amdgpu: added device 1002:13c0
[    5.986894] amdgpu 0000:6f:00.0: amdgpu: SE 1, SH per SE 1, CU per SH 2, active_cu_number 2
[    5.986897] amdgpu 0000:6f:00.0: amdgpu: ring gfx_0.0.0 uses VM inv eng 0 on hub 0
[    5.986898] amdgpu 0000:6f:00.0: amdgpu: ring gfx_0.1.0 uses VM inv eng 1 on hub 0
[    5.986898] amdgpu 0000:6f:00.0: amdgpu: ring comp_1.0.0 uses VM inv eng 4 on hub 0
[    5.986899] amdgpu 0000:6f:00.0: amdgpu: ring comp_1.1.0 uses VM inv eng 5 on hub 0
[    5.986899] amdgpu 0000:6f:00.0: amdgpu: ring comp_1.2.0 uses VM inv eng 6 on hub 0
[    5.986900] amdgpu 0000:6f:00.0: amdgpu: ring comp_1.3.0 uses VM inv eng 7 on hub 0
[    5.986900] amdgpu 0000:6f:00.0: amdgpu: ring comp_1.0.1 uses VM inv eng 8 on hub 0
[    5.986900] amdgpu 0000:6f:00.0: amdgpu: ring comp_1.1.1 uses VM inv eng 9 on hub 0
[    5.986901] amdgpu 0000:6f:00.0: amdgpu: ring comp_1.2.1 uses VM inv eng 10 on hub 0
[    5.986901] amdgpu 0000:6f:00.0: amdgpu: ring comp_1.3.1 uses VM inv eng 11 on hub 0
[    5.986902] amdgpu 0000:6f:00.0: amdgpu: ring kiq_0.2.1.0 uses VM inv eng 12 on hub 0
[    5.986902] amdgpu 0000:6f:00.0: amdgpu: ring sdma0 uses VM inv eng 13 on hub 0
[    5.986903] amdgpu 0000:6f:00.0: amdgpu: ring vcn_dec_0 uses VM inv eng 0 on hub 8
[    5.986903] amdgpu 0000:6f:00.0: amdgpu: ring vcn_enc_0.0 uses VM inv eng 1 on hub 8
[    5.986904] amdgpu 0000:6f:00.0: amdgpu: ring vcn_enc_0.1 uses VM inv eng 4 on hub 8
[    5.986904] amdgpu 0000:6f:00.0: amdgpu: ring jpeg_dec uses VM inv eng 5 on hub 8
[    5.987162] amdgpu 0000:6f:00.0: amdgpu: Runtime PM not available
[    5.987381] amdgpu 0000:6f:00.0: [drm] Registered 4 planes with drm panic
[    5.987383] [drm] Initialized amdgpu 3.63.0 for 0000:6f:00.0 on minor 0
[    5.989520] amdgpu 0000:6f:00.0: [drm] Cannot find any crtc or sizes
~ ORDER >
